skipping north bayshore precise plan  update
skipping north bayshore trip cap report
skipping charleston retention basin habitat restoration project
skipping east san antonio center  master plan
skipping east whisman precise plan
skipping hope s treet investors
skipping residential condominium project
skipping california communities/peninsula communities  (2025 and 2065 san luis
skipping antenna farm
skipping multimodal improvement plan
skipping san antonio precise plan
skipping council will review the
skipping el camino real precise plan
skipping summerhill apartments  (2650 el
skipping south whisman project
skipping mora- ortega precise plan
skipping sustainable communities strategy
skipping charleston south green loop
skipping san antonio precise pla n
skipping tmg partners (625 – 685 clyde
skipping mora -ortega precise plan
skipping north bayshore devel opment impact fee
skipping east whisman  precise plan
skipping downtown precise plan  update
skipping r3 (multiple -family residential) zoning code update
skipping housing element update
skipping google middlefield park master plan
skipping google  north bayshore master plan
skipping hope street lots
skipping city lot 12
skipping north bayshore development impact fee
skipping charleston retention basin habitat restora tion project
skipping east whisman pr ecise plan
skipping residen tial condominium project
skipping shashi hotel (1625 north shoreline boulevard
skipping east  whisman precise plan
skipping south whisman  project
skipping shenandoah square precise plan
skipping gateway master plan
skipping terra bel la visioning
skipping cannabis regulations
skipping downtown precise plan
skipping flower mart
skipping historic preservation ordinance and register update:
skipping google north bayshore master plan
skipping psai realty partners
skipping sustainable communities str ategy
skipping climate action plan
skipping health implementation report
skipping north bayshore de velopment impact fee
skipping north of california street master plan
skipping east whis man precise plan
skipping terra bella visioning
skipping hope street investors
skipping citywide school strategy
skipping sb 743 ceqa update
skipping accessory dwelling unit (adu) zoning code update
skipping paul ryan
skipping austin’s – prometheus
skipping alvin/middlefield
skipping mora-ortega precise plan
skipping climate protection roadmap
skipping linkedin  – existing campus  (700 e. middlefield r oad and 1100 w.  maude
skipping linkedin – campus redevelopment (700 and 800 e. middlefield road and 1100
skipping california communities/peninsula communities (2025 and 2065 san luis
skipping calvano development/cpr mountain view – office (1001 n. shoreline
skipping calvano /cpr mountain view  development – residences  (1001 n. shoreline
skipping east whisman impact fee nexus study
skipping multimodal improve ment plan and transportation impact fee
skipping charleston east  (2000 north shoreline boulevard
skipping north of california street master plan (2580 & 2590 california street/201 san
skipping residential condominium  project
skipping shorebreeze apartments
skipping dollinger group
skipping minkoff office building
skipping google landings
skipping google landings/charleston east maste r plan (1860-2159 landings drive, 1014-1058
skipping microsoft
skipping san antonio  precise plan
skipping north bayshore precise plan update
skipping charleston retention basin habitat restoration project in january 2014, google submitted an application to improve the charleston retention basin.
skipping broadreach (1625 plymouth street) request for an informal review of a new six story, 224,508 square foot office building and parking structure on a vacant 5.15 acre lot, located on the south side of plymouth street between north shoreline boulevard and alta avenue.
skipping wonder years preschool (86 el camino real) in november 2014, wonder years preschool submitted an informal application to build a new 2-story, 4,400-square-foot preschool building on a site adjacent to their current property.
skipping hope street investors (231-235 hope st.) in july 2014, an application was submitted for a 4-story, 9-unit condominium project replacing three apartment units on a 0.26 acre site located on the east side of hope street between villa and dana street.
skipping paul ryan (858 sierra vista ave.) on november 12, 2014 the city council approved a request for a planned unit development permit, development review permit, and heritage tree removal permit to allow for four small-lot, single-family homes to replace an existing home, on a 0.52 acre project site, located on the west side of sierra vista avenue between colony street and plymouth street in the r3-2 (multiple-family residential) district.
skipping calvano development (1001 n. shoreline blvd) request for a development review permit for the construction of a 4-story, 111,443 square foot office building with outdoor amenity space and a surface parking lot; and a lot merger to combine 10 lots into one parcel on a 7.3-acre site, located on the northeast corner of n. shoreline boulevard and terra bella avenue in the ml (limited industrial) and mm (general industrial) districts.
skipping holiday inn express (870 leong dr.) request for a planned community permit and development review permit for the construction of a new 41,039 square foot, 78-room hotel, on a 0.85-acre site, located on the west side of leong drive.
skipping warmington residential (277 fairchild dr.) the applicant is proposing 30 new rowhomes on a 1.5-acre lot.
skipping hetch-hetchy property (450 n. whisman dr.) in april 2013, the applicant submitted a request for a planned unit development permit and development review permit for a 37-unit rowhouse development and a public trail on a vacant 6.4 acre property, located on north whisman road between whisman court and walker drive.
skipping denardi homes (186 east middlefield rd.) in january 2015, the applicant submitted a request for a planned unit development permit and development review permit for an 8-unit rowhouse project, replacing several small residential structures.
skipping south whisman project (ferguson rd.) in march 2009, the city council approved the south whisman precise plan to create a new residential neighborhood on 38 acres of land on five separate parcels with different owners near whisman station.
skipping pacific press – courtyard (1200 villa st.) in june 2011, the city council authorized a gatekeeper request to allow office far’s up to 0.65.
skipping el camino real hospital behavioral health building (2500 grant rd.) request for a planned community permit to construct a new 2-story, 63,000 sq. ft. behavioral health building, a new 7-story, 230,000 sq. ft. medical office building, a new multi-level parking structure adjacent o the new medical office building, and an expansion to the existing north parking garage;
skipping adachi (1991 sun mor ave.) in 2005, the adachi family submitted an informal application for a 13-unit single-family subdivision on a 5-acre site.
skipping linkedin – campus redevelopment (700 and 800  e. middlefield road and 1100
skipping senate bill (sb 9) code amendments
skipping tripointe homes
skipping d & c development (828 and 836 sierra vista avenue, 1975 and 1979 colony
skipping taco bell
skipping calvano development /cpr mountain view  – office (1001 n. shoreline
addr 633 cache 2760
addr 1074 cache 2760
looking up 415
['101 infinity wy, mountain view, ca', '103 infinity wy, mountain view, ca', '1030 castro st, mountain view, ca', '1040 castro st, mountain view, ca', '105 infinity wy, mountain view, ca', '107 infinity wy, mountain view, ca', '109 infinity wy, mountain view, ca', '1101 w el camino real, mountain view, ca', '111 orbit wy, mountain view, ca', '113 orbit wy, mountain view, ca', '114 sonoma tr, mountain view, ca', '115 fairchild dr, mountain view, ca', '115 orbit wy, mountain view, ca', '115 sonoma tr, mountain view, ca', '116 evandale av, mountain view, ca', '116 sonoma tr, mountain view, ca', '117 fairchild dr, mountain view, ca', '117 orbit wy, mountain view, ca', '117 sonoma tr, mountain view, ca', '118 evandale av, mountain view, ca', '118 sonoma tr, mountain view, ca', '119 fairchild dr, mountain view, ca', '119 orbit wy, mountain view, ca', '119 sonoma tr, mountain view, ca', '120 evandale av, mountain view, ca', '120 sonoma tr, mountain view, ca', '121 fairchild dr, mountain view, ca', '121 orbit wy, mountain view, ca', '121 sonoma tr, mountain view, ca', '121, 123 easy st, mountain view, ca', '122 evandale av, mountain view, ca', '122 sonoma tr, mountain view, ca', '123 fairchild dr, mountain view, ca', '123 orbit wy, mountain view, ca', '123 sonoma tr, mountain view, ca', '124 sonoma tr, mountain view, ca', '125 fairchild dr, mountain view, ca', '125 orbit wy, mountain view, ca', '125 sonoma tr, mountain view, ca', '126 sonoma tr, mountain view, ca', '127 fairchild dr, mountain view, ca', '127 orbit wy, mountain view, ca', '127 sonoma tr, mountain view, ca', '1274 lane av, mountain view, ca', '128 sonoma tr, mountain view, ca', '129 fairchild dr, mountain view, ca', '129 orbit wy, mountain view, ca', '129 sonoma tr, mountain view, ca', '130 sonoma tr, mountain view, ca', '131 orbit wy, mountain view, ca', '131 sonoma tr, mountain view, ca', '132 sonoma tr, mountain view, ca', '133 orbit wy, mountain view, ca', '133 sonoma tr, mountain view, ca', '135 fairchild dr, mountain view, ca', '135 orbit wy, mountain view, ca', '137 fairchild dr, mountain view, ca', '137 orbit wy, mountain view, ca', '139 fairchild dr, mountain view, ca', '139 orbit wy, mountain view, ca', '141 orbit wy, mountain view, ca', '143 orbit wy, mountain view, ca', '145 orbit wy, mountain view, ca', '147 orbit wy, mountain view, ca', '149 orbit wy, mountain view, ca', '1631 dennis ln, mountain view, ca', '1652 begen av, mountain view, ca', '1657 rock st, mountain view, ca', '1709 villa st, mountain view, ca', '1726 pilgrim av, mountain view, ca', '1748 pilgrim ave, mountain view, ca', '176 athena ct, mountain view, ca', '1773 doane av, mountain view, ca', '178 athena ct, mountain view, ca', '1787 montecito av, mountain view, ca', '1790 spring st, mountain view, ca', '180 athena ct, mountain view, ca', '182 athena ct, mountain view, ca', '182 melia lp, mountain view, ca', '183 melia lp, mountain view, ca', '1837 drew av, mountain view, ca', '184 athena ct, mountain view, ca', '184 melia lp, mountain view, ca', '1848 peacock av, mountain view, ca', '185 melia lp, mountain view, ca', '186 athena ct, mountain view, ca', '186 melia lp, mountain view, ca', '1862 wagner av, mountain view, ca', '187 athena ct, mountain view, ca', '188 athena ct, mountain view, ca', '1880 peacock av, mountain view, ca', '1885 peacock av, mountain view, ca', '1898 san ramon av, mountain view, ca', '1901 stella st, mountain view, ca', '1902 stella st, mountain view, ca', '1903 stella st, mountain view, ca', '1904 stella st, mountain view, ca', '1905 stella st, mountain view, ca', '1906 stella st, mountain view, ca', '191 bonny st, mountain view, ca', '191 melia lp, mountain view, ca', '1912 stella st, mountain view, ca', '1913 stella st, mountain view, ca', '1914 stella st, mountain view, ca', '1915 stella st, mountain view, ca', '1916 stella st, mountain view, ca', '1917 stella st, mountain view, ca', '1918 stella st, mountain view, ca', '192 athena ct, mountain view, ca', '192 melia lp, mountain view, ca', '1921 stella st, mountain view, ca', '1922 stella st, mountain view, ca', '1923 stella st, mountain view, ca', '1924 stella st, mountain view, ca', '1925 stella st, mountain view, ca', '1926 stella st, mountain view, ca', '1927 stella st, mountain view, ca', '1928 stella st, mountain view, ca', '1929 stella st, mountain view, ca', '193 melia lp, mountain view, ca', '194 athena ct, mountain view, ca', '194 melia lp, mountain view, ca', '1946 san luis ave, mountain view, ca', '1951 colony st, mountain view, ca', '1951 sage lp, mountain view, ca', '1952 hackett av, mountain view, ca', '1953 sage lp, mountain view, ca', '1955 sage lp, mountain view, ca', '1956 hackett av, mountain view, ca', '1957 sage lp, mountain view, ca', '1959 sage lp, mountain view, ca', '196 athena ct, mountain view, ca', '1961 sage lp, mountain view, ca', '1962 sage lp, mountain view, ca', '1963 sage lp, mountain view, ca', '1964 sage lp, mountain view, ca', '1965 sage lp, mountain view, ca', '1966 sage lp, mountain view, ca', '1967 sage lp, mountain view, ca', '1968 sage lp, mountain view, ca', '1970 sage lp, mountain view, ca', '1972 sage lp, mountain view, ca', '1974 sage lp, mountain view, ca', '1976 sage lp, mountain view, ca', '198 athena ct, mountain view, ca', '1984 w el camino real, mountain view, ca', '1999 montecito ave, mountain view, ca', '2000 sun-mor av, mountain view, ca', '2002 sun-mor av, mountain view, ca', '2006 sun-mor av, mountain view, ca', '2008 sun-mor av, mountain view, ca', '201 infinity wy, mountain view, ca', '2010 sun-mor av, mountain view, ca', '2015 san luis av, mountain view, ca', '2025 san luis av, mountain view, ca', '203 infinity wy, mountain view, ca', '2035 colony st, mountain view, ca', '2037 colony st, mountain view, ca', '2039 colony st, mountain view, ca', '204 athena ct, mountain view, ca', '2041 atlas lp, mountain view, ca', '2043 atlas lp, mountain view, ca', '2045 atlas lp, mountain view, ca', '2047 atlas lp, mountain view, ca', '205 infinity wy, mountain view, ca', '2051 atlas lp, mountain view, ca', '2053 atlas lp, mountain view, ca', '2055 atlas lp, mountain view, ca', '2057 atlas lp, mountain view, ca', '206 athena ct, mountain view, ca', '2061 colony st, mountain view, ca', '2063 colony st, mountain view, ca', '2065 colony st, mountain view, ca', '2067 colony st, mountain view, ca', '2069 colony st, mountain view, ca', '207 athena ct, mountain view, ca', '207 infinity wy, mountain view, ca', '208 athena ct, mountain view, ca', '209 infinity wy, mountain view, ca', '210 athena ct, mountain view, ca', '211 athena ct, mountain view, ca', '211 orbit wy, mountain view, ca', '212 sierra vista av, mountain view, ca', '213 orbit wy, mountain view, ca', '214, 216 college ave, mountain view, ca', '215 athena ct, mountain view, ca', '215 orbit wy, mountain view, ca', '216 sierra vista av, mountain view, ca', '217 athena ct, mountain view, ca', '217 orbit wy, mountain view, ca', '218 athena ct, mountain view, ca', '219 orbit wy, mountain view, ca', '220 athena ct, mountain view, ca', '220 sierra vista av, mountain view, ca', '2206 leland av, mountain view, ca', '221 athena ct, mountain view, ca', '221 orbit wy, mountain view, ca', '2212 leland av, mountain view, ca', '223 athena ct, mountain view, ca', '223 orbit wy, mountain view, ca', '2235 mora pl, mountain view, ca', '2237 mora pl, mountain view, ca', '2239 mora pl, mountain view, ca', '224 sierra vista av, mountain view, ca', '2241 mora pl, mountain view, ca', '2243 mora pl, mountain view, ca', '225 athena ct, mountain view, ca', '225 orbit wy, mountain view, ca', '226 athena ct, mountain view, ca', '227 athena ct, mountain view, ca', '227 orbit wy, mountain view, ca', '228 sierra vista av, mountain view, ca', '229 athena ct, mountain view, ca', '229 orbit wy, mountain view, ca', '230 athena ct, mountain view, ca', '231 athena ct, mountain view, ca', '231 hope st 6, mountain view, ca', '231 orbit wy, mountain view, ca', '241 orbit wy, mountain view, ca', '242 bonny st, mountain view, ca', '243 orbit wy, mountain view, ca', '245 orbit wy, mountain view, ca', '247 orbit wy, mountain view, ca', '249 orbit wy, mountain view, ca', '274 loreto st, mountain view, ca', '275, 277 college ave, mountain view, ca', '304 cherokee lp, mountain view, ca', '310 alexander ct, mountain view, ca', '3100 pyramid wy, mountain view, ca', '3102 pyramid wy, mountain view, ca', '3106 pyramid wy, mountain view, ca', '3108 pyramid wy, mountain view, ca', '3110 pyramid wy, mountain view, ca', '3112 pyramid wy, mountain view, ca', '3114 pyramid wy, mountain view, ca', '3116 pyramid wy, mountain view, ca', '3118 pyramid wy, mountain view, ca', '3120 pyramid wy, mountain view, ca', '3122 pyramid wy, mountain view, ca', '313 cherokee lp, mountain view, ca', '315 cherokee lp, mountain view, ca', '316 cherokee lp, mountain view, ca', '317 cherokee lp, mountain view, ca', '318 cherokee lp, mountain view, ca', '319 cherokee lp, mountain view, ca', '320 alexander ct, mountain view, ca', '320 cherokee lp, mountain view, ca', '3200 pyramid wy, mountain view, ca', '3202 pyramid wy, mountain view, ca', '3206 pyramid wy, mountain view, ca', '3208 pyramid wy, mountain view, ca', '321 cherokee lp, mountain view, ca', '3210 pyramid wy, mountain view, ca', '3212 pyramid wy, mountain view, ca', '3214 pyramid wy, mountain view, ca', '3216 pyramid wy, mountain view, ca', '3218 pyramid wy, mountain view, ca', '3220 pyramid wy, mountain view, ca', '3222 pyramid wy, mountain view, ca', '324 cherokee lp, mountain view, ca', '325 cherokee lp, mountain view, ca', '326 cherokee lp, mountain view, ca', '327 cherokee lp, mountain view, ca', '328 cherokee lp, mountain view, ca', '329 cherokee lp, mountain view, ca', '330 alexander ct, mountain view, ca', '330 cherokee lp, mountain view, ca', '330 circuit wy, mountain view, ca', '3300 pyramid wy, mountain view, ca', '3302 pyramid wy, mountain view, ca', '3306 pyramid wy, mountain view, ca', '3308 pyramid wy, mountain view, ca', '3310 pyramid wy, mountain view, ca', '3312 pyramid wy, mountain view, ca', '3314 pyramid wy, mountain view, ca', '3316 pyramid wy, mountain view, ca', '3318 pyramid wy, mountain view, ca', '3320 pyramid wy, mountain view, ca', '3322 pyramid wy, mountain view, ca', '334 circuit wy, mountain view, ca', '338 circuit wy, mountain view, ca', '340 alexander ct, mountain view, ca', '3400 pyramid wy, mountain view, ca', '3402 pyramid wy, mountain view, ca', '3406 pyramid wy, mountain view, ca', '3408 pyramid wy, mountain view, ca', '3410 pyramid wy, mountain view, ca', '3412 pyramid wy, mountain view, ca', '3414 pyramid wy, mountain view, ca', '3416 pyramid wy, mountain view, ca', '3418 pyramid wy, mountain view, ca', '342 circuit wy, mountain view, ca', '3420 pyramid wy, mountain view, ca', '3422 pyramid wy, mountain view, ca', '346 circuit wy, mountain view, ca', '350 alexander ct, mountain view, ca', '350 circuit wy, mountain view, ca', '3500 pyramid wy, mountain view, ca', '3502 pyramid wy, mountain view, ca', '3506 pyramid wy, mountain view, ca', '3508 pyramid wy, mountain view, ca', '3510 pyramid wy, mountain view, ca', '3512 pyramid wy, mountain view, ca', '3514 pyramid wy, mountain view, ca', '3516 pyramid wy, mountain view, ca', '3518 pyramid wy, mountain view, ca', '3520 pyramid wy, mountain view, ca', '3522 pyramid wy, mountain view, ca', '3600 pyramid wy, mountain view, ca', '3602 pyramid wy, mountain view, ca', '3606 pyramid wy, mountain view, ca', '3608 pyramid wy, mountain view, ca', '3610 pyramid wy, mountain view, ca', '3612 pyramid wy, mountain view, ca', '3614 pyramid wy, mountain view, ca', '3616 pyramid wy, mountain view, ca', '3618 pyramid wy, mountain view, ca', '3620 pyramid wy, mountain view, ca', '370 pacific dr, mountain view, ca', '372 pacific dr, mountain view, ca', '376 pacific dr, mountain view, ca', '380 lily ct, mountain view, ca', '385 lily ct, mountain view, ca', '386 lily ct, mountain view, ca', '388 lily ct, mountain view, ca', '3901 pyramid wy, mountain view, ca', '3903 pyramid wy, mountain view, ca', '3905 degree ln, mountain view, ca', '3905 pyramid wy, mountain view, ca', '3907 degree ln, mountain view, ca', '3907 pyramid wy, mountain view, ca', '3909 degree ln, mountain view, ca', '3909 pyramid wy, mountain view, ca', '3910 degree ln, mountain view, ca', '3911 degree ln, mountain view, ca', '3911 pyramid wy, mountain view, ca', '3912 degree ln, mountain view, ca', '3913 degree ln, mountain view, ca', '3913 pyramid wy, mountain view, ca', '3914 degree ln, mountain view, ca', '3915 degree ln, mountain view, ca', '3915 pyramid wy, mountain view, ca', '3916 degree ln, mountain view, ca', '3917 pyramid wy, mountain view, ca', '3918 degree ln, mountain view, ca', '3919 pyramid wy, mountain view, ca', '3920 degree ln, mountain view, ca', '3921 pyramid wy, mountain view, ca', '3923 pyramid wy, mountain view, ca', '3925 pyramid wy, mountain view, ca', '3927 pyramid wy, mountain view, ca', '419 martens av, mountain view, ca', '485 mariposa ave, mountain view, ca', '500 ferguson dr, mountain view, ca', '542 n whisman rd, mountain view, ca', '550 ferguson dr, mountain view, ca', '560 hope st, mountain view, ca', '560 oak st, mountain view, ca', '580 hope st, mountain view, ca', '601 cinnamon cl, mountain view, ca', '605 cinnamon cl, mountain view, ca', '609 cinnamon cl, mountain view, ca', '611 cinnamon cl, mountain view, ca', '615 cinnamon cl, mountain view, ca', '619 cinnamon cl, mountain view, ca', '621 cinnamon cl, mountain view, ca', '625 bush st, mountain view, ca', '625 cinnamon cl, mountain view, ca', '629 cinnamon cl, mountain view, ca', '630 tyrella av, mountain view, ca', '631 cinnamon cl, mountain view, ca', '635 cinnamon cl, mountain view, ca', '639 cinnamon cl, mountain view, ca', '639 sierra vista av, mountain view, ca', '640 tyrella av, mountain view, ca', '641 cinnamon cl, mountain view, ca', '641 sierra vista av, mountain view, ca', '643 sierra vista av, mountain view, ca', '645 cinnamon cl, mountain view, ca', '645 sierra vista av, mountain view, ca', '647 sierra vista av, mountain view, ca', '649 cinnamon cl, mountain view, ca', '650 tyrella av, mountain view, ca', '651 cinnamon cl, mountain view, ca', '655 cinnamon cl, mountain view, ca', '660 tyrella av, mountain view, ca', '67 fairchild dr, mountain view, ca', '69 fairchild dr, mountain view, ca', '705 independence av, mountain view, ca', '71 fairchild dr, mountain view, ca', '711 independence av, mountain view, ca', '719 independence av, mountain view, ca', '73 fairchild dr, mountain view, ca', '75 fairchild dr, mountain view, ca', '77 fairchild dr, mountain view, ca', '79 fairchild dr, mountain view, ca', '801 washington st (100 moffett blvd), mountain view, ca', '81 fairchild dr, mountain view, ca', '821 n rengstorff av, mountain view, ca', '823 n rengstorff av, mountain view, ca', '825 n rengstorff av, mountain view, ca', '827 n rengstorff av, mountain view, ca', '829 n rengstorff av, mountain view, ca', '83 fairchild dr, mountain view, ca', '831 n rengstorff av, mountain view, ca', '833 n rengstorff av, mountain view, ca', '835 n rengstorff av, mountain view, ca', '87 fairchild dr, mountain view, ca', '877 washington st, mountain view, ca', '89 fairchild dr, mountain view, ca', '91 fairchild dr, mountain view, ca', '93 fairchild dr, mountain view, ca', '95 fairchild dr, mountain view, ca', '97 fairchild dr, mountain view, ca', '99 fairchild dr, mountain view, ca']
{'error': 'Please add a payment method.'}
